<?xml version="1.0" encoding="UTF-8"?>
<testng-results ignored="0" total="7" passed="0" failed="7" skipped="0">
  <reporter-output>
  </reporter-output>
  <suite started-at="2024-12-26T12:16:30 IST" name="Default suite" finished-at="2024-12-26T12:16:31 IST" duration-ms="1095">
    <groups>
    </groups>
    <test started-at="2024-12-26T12:16:30 IST" name="Default test" finished-at="2024-12-26T12:16:31 IST" duration-ms="1095">
      <class name="com.spree.test.Countries">
        <test-method is-config="true" signature="SetUp()[pri:0, instance:com.spree.test.Countries@3fc2959f]" started-at="2024-12-26T12:16:30 IST" name="SetUp" finished-at="2024-12-26T12:16:30 IST" duration-ms="234" status="PASS">
          <reporter-output>
          </reporter-output>
        </test-method> <!-- SetUp -->
        <test-method is-config="true" signature="setup()[pri:0, instance:com.spree.test.Countries@3fc2959f]" started-at="2024-12-26T12:16:30 IST" name="setup" finished-at="2024-12-26T12:16:31 IST" duration-ms="376" status="PASS">
          <reporter-output>
          </reporter-output>
        </test-method> <!-- setup -->
        <test-method signature="T01_getDefaultCountries()[pri:1, instance:com.spree.test.Countries@3fc2959f]" started-at="2024-12-26T12:16:31 IST" name="T01_getDefaultCountries" finished-at="2024-12-26T12:16:31 IST" duration-ms="15" status="FAIL">
          <exception class="java.lang.NullPointerException">
            <message>
              <![CDATA[Cannot invoke "io.restassured.specification.RequestSpecification.get(String, Object[])" because the return value of "com.spree.util.RestRequestUtil.given()" is null]]>
            </message>
            <full-stacktrace>
              <![CDATA[java.lang.NullPointerException: Cannot invoke "io.restassured.specification.RequestSpecification.get(String, Object[])" because the return value of "com.spree.util.RestRequestUtil.given()" is null
at com.spree.util.RestRequestUtil.getResponse(RestRequestUtil.java:53)
at com.spree.test.Countries.T01_getDefaultCountries(Countries.java:15)
at java.base/jdk.internal.reflect.DirectMethodHandleAccessor.invoke(DirectMethodHandleAccessor.java:103)
at java.base/java.lang.reflect.Method.invoke(Method.java:580)
at org.testng.internal.invokers.MethodInvocationHelper.invokeMethod(MethodInvocationHelper.java:141)
at org.testng.internal.invokers.TestInvoker.invokeMethod(TestInvoker.java:686)
at org.testng.internal.invokers.TestInvoker.invokeTestMethod(TestInvoker.java:230)
at org.testng.internal.invokers.MethodRunner.runInSequence(MethodRunner.java:63)
at org.testng.internal.invokers.TestInvoker$MethodInvocationAgent.invoke(TestInvoker.java:992)
at org.testng.internal.invokers.TestInvoker.invokeTestMethods(TestInvoker.java:203)
at org.testng.internal.invokers.TestMethodWorker.invokeTestMethods(TestMethodWorker.java:154)
at org.testng.internal.invokers.TestMethodWorker.run(TestMethodWorker.java:134)
at java.base/java.util.ArrayList.forEach(ArrayList.java:1596)
at org.testng.TestRunner.privateRun(TestRunner.java:739)
at org.testng.TestRunner.run(TestRunner.java:614)
at org.testng.SuiteRunner.runTest(SuiteRunner.java:421)
at org.testng.SuiteRunner.runSequentially(SuiteRunner.java:413)
at org.testng.SuiteRunner.privateRun(SuiteRunner.java:373)
at org.testng.SuiteRunner.run(SuiteRunner.java:312)
at org.testng.SuiteRunnerWorker.runSuite(SuiteRunnerWorker.java:52)
at org.testng.SuiteRunnerWorker.run(SuiteRunnerWorker.java:95)
at org.testng.TestNG.runSuitesSequentially(TestNG.java:1274)
at org.testng.TestNG.runSuitesLocally(TestNG.java:1208)
at org.testng.TestNG.runSuites(TestNG.java:1112)
at org.testng.TestNG.run(TestNG.java:1079)
at org.testng.remote.AbstractRemoteTestNG.run(AbstractRemoteTestNG.java:115)
at org.testng.remote.RemoteTestNG.initAndRun(RemoteTestNG.java:293)
at org.testng.remote.RemoteTestNG.main(RemoteTestNG.java:91)
]]>
            </full-stacktrace>
          </exception> <!-- java.lang.NullPointerException -->
          <reporter-output>
          </reporter-output>
        </test-method> <!-- T01_getDefaultCountries -->
        <test-method is-config="true" signature="tearDown(org.testng.ITestResult)[pri:0, instance:com.spree.test.Countries@3fc2959f]" started-at="2024-12-26T12:16:31 IST" name="tearDown" finished-at="2024-12-26T12:16:31 IST" duration-ms="9" status="PASS">
          <params>
            <param index="0">
              <value>
                <![CDATA[[TestResult name=T01_getDefaultCountries status=FAILURE method=Countries.T01_getDefaultCountries()[pri:1, instance:com.spree.test.Countries@3fc2959f] output={null}]]]>
              </value>
            </param>
          </params>
          <reporter-output>
          </reporter-output>
        </test-method> <!-- tearDown -->
        <test-method signature="T02_retrieveaCountry(java.lang.String,java.lang.String,java.lang.String)[pri:2, instance:com.spree.test.Countries@3fc2959f]" started-at="2024-12-26T12:16:31 IST" name="T02_retrieveaCountry" data-provider="country_iso" finished-at="2024-12-26T12:16:31 IST" duration-ms="3" status="FAIL">
          <params>
            <param index="0">
              <value>
                <![CDATA[usa]]>
              </value>
            </param>
            <param index="1">
              <value>
                <![CDATA[UNITED STATES]]>
              </value>
            </param>
            <param index="2">
              <value>
                <![CDATA[USA]]>
              </value>
            </param>
          </params>
          <exception class="java.lang.NullPointerException">
            <message>
              <![CDATA[Cannot invoke "io.restassured.specification.RequestSpecification.get(String, Object[])" because the return value of "com.spree.util.RestRequestUtil.given()" is null]]>
            </message>
            <full-stacktrace>
              <![CDATA[java.lang.NullPointerException: Cannot invoke "io.restassured.specification.RequestSpecification.get(String, Object[])" because the return value of "com.spree.util.RestRequestUtil.given()" is null
at com.spree.util.RestRequestUtil.getResponse(RestRequestUtil.java:53)
at com.spree.test.Countries.T02_retrieveaCountry(Countries.java:24)
at java.base/jdk.internal.reflect.DirectMethodHandleAccessor.invoke(DirectMethodHandleAccessor.java:103)
at java.base/java.lang.reflect.Method.invoke(Method.java:580)
at org.testng.internal.invokers.MethodInvocationHelper.invokeMethod(MethodInvocationHelper.java:141)
at org.testng.internal.invokers.TestInvoker.invokeMethod(TestInvoker.java:686)
at org.testng.internal.invokers.TestInvoker.invokeTestMethod(TestInvoker.java:230)
at org.testng.internal.invokers.MethodRunner.runInSequence(MethodRunner.java:63)
at org.testng.internal.invokers.TestInvoker$MethodInvocationAgent.invoke(TestInvoker.java:992)
at org.testng.internal.invokers.TestInvoker.invokeTestMethods(TestInvoker.java:203)
at org.testng.internal.invokers.TestMethodWorker.invokeTestMethods(TestMethodWorker.java:154)
at org.testng.internal.invokers.TestMethodWorker.run(TestMethodWorker.java:134)
at java.base/java.util.ArrayList.forEach(ArrayList.java:1596)
at org.testng.TestRunner.privateRun(TestRunner.java:739)
at org.testng.TestRunner.run(TestRunner.java:614)
at org.testng.SuiteRunner.runTest(SuiteRunner.java:421)
at org.testng.SuiteRunner.runSequentially(SuiteRunner.java:413)
at org.testng.SuiteRunner.privateRun(SuiteRunner.java:373)
at org.testng.SuiteRunner.run(SuiteRunner.java:312)
at org.testng.SuiteRunnerWorker.runSuite(SuiteRunnerWorker.java:52)
at org.testng.SuiteRunnerWorker.run(SuiteRunnerWorker.java:95)
at org.testng.TestNG.runSuitesSequentially(TestNG.java:1274)
at org.testng.TestNG.runSuitesLocally(TestNG.java:1208)
at org.testng.TestNG.runSuites(TestNG.java:1112)
at org.testng.TestNG.run(TestNG.java:1079)
at org.testng.remote.AbstractRemoteTestNG.run(AbstractRemoteTestNG.java:115)
at org.testng.remote.RemoteTestNG.initAndRun(RemoteTestNG.java:293)
at org.testng.remote.RemoteTestNG.main(RemoteTestNG.java:91)
]]>
            </full-stacktrace>
          </exception> <!-- java.lang.NullPointerException -->
          <reporter-output>
          </reporter-output>
        </test-method> <!-- T02_retrieveaCountry -->
        <test-method is-config="true" signature="tearDown(org.testng.ITestResult)[pri:0, instance:com.spree.test.Countries@3fc2959f]" started-at="2024-12-26T12:16:31 IST" name="tearDown" finished-at="2024-12-26T12:16:31 IST" duration-ms="1" status="PASS">
          <params>
            <param index="0">
              <value>
                <![CDATA[[TestResult name=T02_retrieveaCountry status=FAILURE method=Countries.T02_retrieveaCountry(java.lang.String,java.lang.String,java.lang.String)[pri:2, instance:com.spree.test.Countries@3fc2959f] output={null}]]]>
              </value>
            </param>
          </params>
          <reporter-output>
          </reporter-output>
        </test-method> <!-- tearDown -->
        <test-method signature="T02_retrieveaCountry(java.lang.String,java.lang.String,java.lang.String)[pri:2, instance:com.spree.test.Countries@3fc2959f]" started-at="2024-12-26T12:16:31 IST" name="T02_retrieveaCountry" data-provider="country_iso" finished-at="2024-12-26T12:16:31 IST" duration-ms="1" status="FAIL">
          <params>
            <param index="0">
              <value>
                <![CDATA[ind]]>
              </value>
            </param>
            <param index="1">
              <value>
                <![CDATA[INDIA]]>
              </value>
            </param>
            <param index="2">
              <value>
                <![CDATA[IND]]>
              </value>
            </param>
          </params>
          <exception class="java.lang.NullPointerException">
            <message>
              <![CDATA[Cannot invoke "io.restassured.specification.RequestSpecification.get(String, Object[])" because the return value of "com.spree.util.RestRequestUtil.given()" is null]]>
            </message>
            <full-stacktrace>
              <![CDATA[java.lang.NullPointerException: Cannot invoke "io.restassured.specification.RequestSpecification.get(String, Object[])" because the return value of "com.spree.util.RestRequestUtil.given()" is null
at com.spree.util.RestRequestUtil.getResponse(RestRequestUtil.java:53)
at com.spree.test.Countries.T02_retrieveaCountry(Countries.java:24)
at java.base/jdk.internal.reflect.DirectMethodHandleAccessor.invoke(DirectMethodHandleAccessor.java:103)
at java.base/java.lang.reflect.Method.invoke(Method.java:580)
at org.testng.internal.invokers.MethodInvocationHelper.invokeMethod(MethodInvocationHelper.java:141)
at org.testng.internal.invokers.TestInvoker.invokeMethod(TestInvoker.java:686)
at org.testng.internal.invokers.TestInvoker.invokeTestMethod(TestInvoker.java:230)
at org.testng.internal.invokers.MethodRunner.runInSequence(MethodRunner.java:63)
at org.testng.internal.invokers.TestInvoker$MethodInvocationAgent.invoke(TestInvoker.java:992)
at org.testng.internal.invokers.TestInvoker.invokeTestMethods(TestInvoker.java:203)
at org.testng.internal.invokers.TestMethodWorker.invokeTestMethods(TestMethodWorker.java:154)
at org.testng.internal.invokers.TestMethodWorker.run(TestMethodWorker.java:134)
at java.base/java.util.ArrayList.forEach(ArrayList.java:1596)
at org.testng.TestRunner.privateRun(TestRunner.java:739)
at org.testng.TestRunner.run(TestRunner.java:614)
at org.testng.SuiteRunner.runTest(SuiteRunner.java:421)
at org.testng.SuiteRunner.runSequentially(SuiteRunner.java:413)
at org.testng.SuiteRunner.privateRun(SuiteRunner.java:373)
at org.testng.SuiteRunner.run(SuiteRunner.java:312)
at org.testng.SuiteRunnerWorker.runSuite(SuiteRunnerWorker.java:52)
at org.testng.SuiteRunnerWorker.run(SuiteRunnerWorker.java:95)
at org.testng.TestNG.runSuitesSequentially(TestNG.java:1274)
at org.testng.TestNG.runSuitesLocally(TestNG.java:1208)
at org.testng.TestNG.runSuites(TestNG.java:1112)
at org.testng.TestNG.run(TestNG.java:1079)
at org.testng.remote.AbstractRemoteTestNG.run(AbstractRemoteTestNG.java:115)
at org.testng.remote.RemoteTestNG.initAndRun(RemoteTestNG.java:293)
at org.testng.remote.RemoteTestNG.main(RemoteTestNG.java:91)
]]>
            </full-stacktrace>
          </exception> <!-- java.lang.NullPointerException -->
          <reporter-output>
          </reporter-output>
        </test-method> <!-- T02_retrieveaCountry -->
        <test-method is-config="true" signature="tearDown(org.testng.ITestResult)[pri:0, instance:com.spree.test.Countries@3fc2959f]" started-at="2024-12-26T12:16:31 IST" name="tearDown" finished-at="2024-12-26T12:16:31 IST" duration-ms="1" status="PASS">
          <params>
            <param index="0">
              <value>
                <![CDATA[[TestResult name=T02_retrieveaCountry status=FAILURE method=Countries.T02_retrieveaCountry(java.lang.String,java.lang.String,java.lang.String)[pri:2, instance:com.spree.test.Countries@3fc2959f] output={null}]]]>
              </value>
            </param>
          </params>
          <reporter-output>
          </reporter-output>
        </test-method> <!-- tearDown -->
        <test-method signature="T02_retrieveaCountry(java.lang.String,java.lang.String,java.lang.String)[pri:2, instance:com.spree.test.Countries@3fc2959f]" started-at="2024-12-26T12:16:31 IST" name="T02_retrieveaCountry" data-provider="country_iso" finished-at="2024-12-26T12:16:31 IST" duration-ms="2" status="FAIL">
          <params>
            <param index="0">
              <value>
                <![CDATA[pak]]>
              </value>
            </param>
            <param index="1">
              <value>
                <![CDATA[PAKISTAN]]>
              </value>
            </param>
            <param index="2">
              <value>
                <![CDATA[PAK]]>
              </value>
            </param>
          </params>
          <exception class="java.lang.NullPointerException">
            <message>
              <![CDATA[Cannot invoke "io.restassured.specification.RequestSpecification.get(String, Object[])" because the return value of "com.spree.util.RestRequestUtil.given()" is null]]>
            </message>
            <full-stacktrace>
              <![CDATA[java.lang.NullPointerException: Cannot invoke "io.restassured.specification.RequestSpecification.get(String, Object[])" because the return value of "com.spree.util.RestRequestUtil.given()" is null
at com.spree.util.RestRequestUtil.getResponse(RestRequestUtil.java:53)
at com.spree.test.Countries.T02_retrieveaCountry(Countries.java:24)
at java.base/jdk.internal.reflect.DirectMethodHandleAccessor.invoke(DirectMethodHandleAccessor.java:103)
at java.base/java.lang.reflect.Method.invoke(Method.java:580)
at org.testng.internal.invokers.MethodInvocationHelper.invokeMethod(MethodInvocationHelper.java:141)
at org.testng.internal.invokers.TestInvoker.invokeMethod(TestInvoker.java:686)
at org.testng.internal.invokers.TestInvoker.invokeTestMethod(TestInvoker.java:230)
at org.testng.internal.invokers.MethodRunner.runInSequence(MethodRunner.java:63)
at org.testng.internal.invokers.TestInvoker$MethodInvocationAgent.invoke(TestInvoker.java:992)
at org.testng.internal.invokers.TestInvoker.invokeTestMethods(TestInvoker.java:203)
at org.testng.internal.invokers.TestMethodWorker.invokeTestMethods(TestMethodWorker.java:154)
at org.testng.internal.invokers.TestMethodWorker.run(TestMethodWorker.java:134)
at java.base/java.util.ArrayList.forEach(ArrayList.java:1596)
at org.testng.TestRunner.privateRun(TestRunner.java:739)
at org.testng.TestRunner.run(TestRunner.java:614)
at org.testng.SuiteRunner.runTest(SuiteRunner.java:421)
at org.testng.SuiteRunner.runSequentially(SuiteRunner.java:413)
at org.testng.SuiteRunner.privateRun(SuiteRunner.java:373)
at org.testng.SuiteRunner.run(SuiteRunner.java:312)
at org.testng.SuiteRunnerWorker.runSuite(SuiteRunnerWorker.java:52)
at org.testng.SuiteRunnerWorker.run(SuiteRunnerWorker.java:95)
at org.testng.TestNG.runSuitesSequentially(TestNG.java:1274)
at org.testng.TestNG.runSuitesLocally(TestNG.java:1208)
at org.testng.TestNG.runSuites(TestNG.java:1112)
at org.testng.TestNG.run(TestNG.java:1079)
at org.testng.remote.AbstractRemoteTestNG.run(AbstractRemoteTestNG.java:115)
at org.testng.remote.RemoteTestNG.initAndRun(RemoteTestNG.java:293)
at org.testng.remote.RemoteTestNG.main(RemoteTestNG.java:91)
]]>
            </full-stacktrace>
          </exception> <!-- java.lang.NullPointerException -->
          <reporter-output>
          </reporter-output>
        </test-method> <!-- T02_retrieveaCountry -->
        <test-method is-config="true" signature="tearDown(org.testng.ITestResult)[pri:0, instance:com.spree.test.Countries@3fc2959f]" started-at="2024-12-26T12:16:31 IST" name="tearDown" finished-at="2024-12-26T12:16:31 IST" duration-ms="1" status="PASS">
          <params>
            <param index="0">
              <value>
                <![CDATA[[TestResult name=T02_retrieveaCountry status=FAILURE method=Countries.T02_retrieveaCountry(java.lang.String,java.lang.String,java.lang.String)[pri:2, instance:com.spree.test.Countries@3fc2959f] output={null}]]]>
              </value>
            </param>
          </params>
          <reporter-output>
          </reporter-output>
        </test-method> <!-- tearDown -->
        <test-method signature="T02_retrieveaCountry(java.lang.String,java.lang.String,java.lang.String)[pri:2, instance:com.spree.test.Countries@3fc2959f]" started-at="2024-12-26T12:16:31 IST" name="T02_retrieveaCountry" data-provider="country_iso" finished-at="2024-12-26T12:16:31 IST" duration-ms="3" status="FAIL">
          <params>
            <param index="0">
              <value>
                <![CDATA[gb]]>
              </value>
            </param>
            <param index="1">
              <value>
                <![CDATA[UNITED KINGDOM]]>
              </value>
            </param>
            <param index="2">
              <value>
                <![CDATA[GBR]]>
              </value>
            </param>
          </params>
          <exception class="java.lang.NullPointerException">
            <message>
              <![CDATA[Cannot invoke "io.restassured.specification.RequestSpecification.get(String, Object[])" because the return value of "com.spree.util.RestRequestUtil.given()" is null]]>
            </message>
            <full-stacktrace>
              <![CDATA[java.lang.NullPointerException: Cannot invoke "io.restassured.specification.RequestSpecification.get(String, Object[])" because the return value of "com.spree.util.RestRequestUtil.given()" is null
at com.spree.util.RestRequestUtil.getResponse(RestRequestUtil.java:53)
at com.spree.test.Countries.T02_retrieveaCountry(Countries.java:24)
at java.base/jdk.internal.reflect.DirectMethodHandleAccessor.invoke(DirectMethodHandleAccessor.java:103)
at java.base/java.lang.reflect.Method.invoke(Method.java:580)
at org.testng.internal.invokers.MethodInvocationHelper.invokeMethod(MethodInvocationHelper.java:141)
at org.testng.internal.invokers.TestInvoker.invokeMethod(TestInvoker.java:686)
at org.testng.internal.invokers.TestInvoker.invokeTestMethod(TestInvoker.java:230)
at org.testng.internal.invokers.MethodRunner.runInSequence(MethodRunner.java:63)
at org.testng.internal.invokers.TestInvoker$MethodInvocationAgent.invoke(TestInvoker.java:992)
at org.testng.internal.invokers.TestInvoker.invokeTestMethods(TestInvoker.java:203)
at org.testng.internal.invokers.TestMethodWorker.invokeTestMethods(TestMethodWorker.java:154)
at org.testng.internal.invokers.TestMethodWorker.run(TestMethodWorker.java:134)
at java.base/java.util.ArrayList.forEach(ArrayList.java:1596)
at org.testng.TestRunner.privateRun(TestRunner.java:739)
at org.testng.TestRunner.run(TestRunner.java:614)
at org.testng.SuiteRunner.runTest(SuiteRunner.java:421)
at org.testng.SuiteRunner.runSequentially(SuiteRunner.java:413)
at org.testng.SuiteRunner.privateRun(SuiteRunner.java:373)
at org.testng.SuiteRunner.run(SuiteRunner.java:312)
at org.testng.SuiteRunnerWorker.runSuite(SuiteRunnerWorker.java:52)
at org.testng.SuiteRunnerWorker.run(SuiteRunnerWorker.java:95)
at org.testng.TestNG.runSuitesSequentially(TestNG.java:1274)
at org.testng.TestNG.runSuitesLocally(TestNG.java:1208)
at org.testng.TestNG.runSuites(TestNG.java:1112)
at org.testng.TestNG.run(TestNG.java:1079)
at org.testng.remote.AbstractRemoteTestNG.run(AbstractRemoteTestNG.java:115)
at org.testng.remote.RemoteTestNG.initAndRun(RemoteTestNG.java:293)
at org.testng.remote.RemoteTestNG.main(RemoteTestNG.java:91)
]]>
            </full-stacktrace>
          </exception> <!-- java.lang.NullPointerException -->
          <reporter-output>
          </reporter-output>
        </test-method> <!-- T02_retrieveaCountry -->
        <test-method is-config="true" signature="tearDown(org.testng.ITestResult)[pri:0, instance:com.spree.test.Countries@3fc2959f]" started-at="2024-12-26T12:16:31 IST" name="tearDown" finished-at="2024-12-26T12:16:31 IST" duration-ms="2" status="PASS">
          <params>
            <param index="0">
              <value>
                <![CDATA[[TestResult name=T02_retrieveaCountry status=FAILURE method=Countries.T02_retrieveaCountry(java.lang.String,java.lang.String,java.lang.String)[pri:2, instance:com.spree.test.Countries@3fc2959f] output={null}]]]>
              </value>
            </param>
          </params>
          <reporter-output>
          </reporter-output>
        </test-method> <!-- tearDown -->
        <test-method signature="T02_retrieveaCountry(java.lang.String,java.lang.String,java.lang.String)[pri:2, instance:com.spree.test.Countries@3fc2959f]" started-at="2024-12-26T12:16:31 IST" name="T02_retrieveaCountry" data-provider="country_iso" finished-at="2024-12-26T12:16:31 IST" duration-ms="2" status="FAIL">
          <params>
            <param index="0">
              <value>
                <![CDATA[afg]]>
              </value>
            </param>
            <param index="1">
              <value>
                <![CDATA[AFGHANISTAN]]>
              </value>
            </param>
            <param index="2">
              <value>
                <![CDATA[AFG]]>
              </value>
            </param>
          </params>
          <exception class="java.lang.NullPointerException">
            <message>
              <![CDATA[Cannot invoke "io.restassured.specification.RequestSpecification.get(String, Object[])" because the return value of "com.spree.util.RestRequestUtil.given()" is null]]>
            </message>
            <full-stacktrace>
              <![CDATA[java.lang.NullPointerException: Cannot invoke "io.restassured.specification.RequestSpecification.get(String, Object[])" because the return value of "com.spree.util.RestRequestUtil.given()" is null
at com.spree.util.RestRequestUtil.getResponse(RestRequestUtil.java:53)
at com.spree.test.Countries.T02_retrieveaCountry(Countries.java:24)
at java.base/jdk.internal.reflect.DirectMethodHandleAccessor.invoke(DirectMethodHandleAccessor.java:103)
at java.base/java.lang.reflect.Method.invoke(Method.java:580)
at org.testng.internal.invokers.MethodInvocationHelper.invokeMethod(MethodInvocationHelper.java:141)
at org.testng.internal.invokers.TestInvoker.invokeMethod(TestInvoker.java:686)
at org.testng.internal.invokers.TestInvoker.invokeTestMethod(TestInvoker.java:230)
at org.testng.internal.invokers.MethodRunner.runInSequence(MethodRunner.java:63)
at org.testng.internal.invokers.TestInvoker$MethodInvocationAgent.invoke(TestInvoker.java:992)
at org.testng.internal.invokers.TestInvoker.invokeTestMethods(TestInvoker.java:203)
at org.testng.internal.invokers.TestMethodWorker.invokeTestMethods(TestMethodWorker.java:154)
at org.testng.internal.invokers.TestMethodWorker.run(TestMethodWorker.java:134)
at java.base/java.util.ArrayList.forEach(ArrayList.java:1596)
at org.testng.TestRunner.privateRun(TestRunner.java:739)
at org.testng.TestRunner.run(TestRunner.java:614)
at org.testng.SuiteRunner.runTest(SuiteRunner.java:421)
at org.testng.SuiteRunner.runSequentially(SuiteRunner.java:413)
at org.testng.SuiteRunner.privateRun(SuiteRunner.java:373)
at org.testng.SuiteRunner.run(SuiteRunner.java:312)
at org.testng.SuiteRunnerWorker.runSuite(SuiteRunnerWorker.java:52)
at org.testng.SuiteRunnerWorker.run(SuiteRunnerWorker.java:95)
at org.testng.TestNG.runSuitesSequentially(TestNG.java:1274)
at org.testng.TestNG.runSuitesLocally(TestNG.java:1208)
at org.testng.TestNG.runSuites(TestNG.java:1112)
at org.testng.TestNG.run(TestNG.java:1079)
at org.testng.remote.AbstractRemoteTestNG.run(AbstractRemoteTestNG.java:115)
at org.testng.remote.RemoteTestNG.initAndRun(RemoteTestNG.java:293)
at org.testng.remote.RemoteTestNG.main(RemoteTestNG.java:91)
]]>
            </full-stacktrace>
          </exception> <!-- java.lang.NullPointerException -->
          <reporter-output>
          </reporter-output>
        </test-method> <!-- T02_retrieveaCountry -->
        <test-method is-config="true" signature="tearDown(org.testng.ITestResult)[pri:0, instance:com.spree.test.Countries@3fc2959f]" started-at="2024-12-26T12:16:31 IST" name="tearDown" finished-at="2024-12-26T12:16:31 IST" duration-ms="1" status="PASS">
          <params>
            <param index="0">
              <value>
                <![CDATA[[TestResult name=T02_retrieveaCountry status=FAILURE method=Countries.T02_retrieveaCountry(java.lang.String,java.lang.String,java.lang.String)[pri:2, instance:com.spree.test.Countries@3fc2959f] output={null}]]]>
              </value>
            </param>
          </params>
          <reporter-output>
          </reporter-output>
        </test-method> <!-- tearDown -->
        <test-method signature="T03_listallCountries()[pri:3, instance:com.spree.test.Countries@3fc2959f]" started-at="2024-12-26T12:16:31 IST" name="T03_listallCountries" finished-at="2024-12-26T12:16:31 IST" duration-ms="7" status="FAIL">
          <exception class="java.lang.NullPointerException">
            <message>
              <![CDATA[Cannot invoke "io.restassured.specification.RequestSpecification.get(String, Object[])" because the return value of "com.spree.util.RestRequestUtil.given()" is null]]>
            </message>
            <full-stacktrace>
              <![CDATA[java.lang.NullPointerException: Cannot invoke "io.restassured.specification.RequestSpecification.get(String, Object[])" because the return value of "com.spree.util.RestRequestUtil.given()" is null
at com.spree.util.RestRequestUtil.getResponse(RestRequestUtil.java:53)
at com.spree.test.Countries.T03_listallCountries(Countries.java:34)
at java.base/jdk.internal.reflect.DirectMethodHandleAccessor.invoke(DirectMethodHandleAccessor.java:103)
at java.base/java.lang.reflect.Method.invoke(Method.java:580)
at org.testng.internal.invokers.MethodInvocationHelper.invokeMethod(MethodInvocationHelper.java:141)
at org.testng.internal.invokers.TestInvoker.invokeMethod(TestInvoker.java:686)
at org.testng.internal.invokers.TestInvoker.invokeTestMethod(TestInvoker.java:230)
at org.testng.internal.invokers.MethodRunner.runInSequence(MethodRunner.java:63)
at org.testng.internal.invokers.TestInvoker$MethodInvocationAgent.invoke(TestInvoker.java:992)
at org.testng.internal.invokers.TestInvoker.invokeTestMethods(TestInvoker.java:203)
at org.testng.internal.invokers.TestMethodWorker.invokeTestMethods(TestMethodWorker.java:154)
at org.testng.internal.invokers.TestMethodWorker.run(TestMethodWorker.java:134)
at java.base/java.util.ArrayList.forEach(ArrayList.java:1596)
at org.testng.TestRunner.privateRun(TestRunner.java:739)
at org.testng.TestRunner.run(TestRunner.java:614)
at org.testng.SuiteRunner.runTest(SuiteRunner.java:421)
at org.testng.SuiteRunner.runSequentially(SuiteRunner.java:413)
at org.testng.SuiteRunner.privateRun(SuiteRunner.java:373)
at org.testng.SuiteRunner.run(SuiteRunner.java:312)
at org.testng.SuiteRunnerWorker.runSuite(SuiteRunnerWorker.java:52)
at org.testng.SuiteRunnerWorker.run(SuiteRunnerWorker.java:95)
at org.testng.TestNG.runSuitesSequentially(TestNG.java:1274)
at org.testng.TestNG.runSuitesLocally(TestNG.java:1208)
at org.testng.TestNG.runSuites(TestNG.java:1112)
at org.testng.TestNG.run(TestNG.java:1079)
at org.testng.remote.AbstractRemoteTestNG.run(AbstractRemoteTestNG.java:115)
at org.testng.remote.RemoteTestNG.initAndRun(RemoteTestNG.java:293)
at org.testng.remote.RemoteTestNG.main(RemoteTestNG.java:91)
]]>
            </full-stacktrace>
          </exception> <!-- java.lang.NullPointerException -->
          <reporter-output>
          </reporter-output>
        </test-method> <!-- T03_listallCountries -->
        <test-method is-config="true" signature="tearDown(org.testng.ITestResult)[pri:0, instance:com.spree.test.Countries@3fc2959f]" started-at="2024-12-26T12:16:31 IST" name="tearDown" finished-at="2024-12-26T12:16:31 IST" duration-ms="3" status="PASS">
          <params>
            <param index="0">
              <value>
                <![CDATA[[TestResult name=T03_listallCountries status=FAILURE method=Countries.T03_listallCountries()[pri:3, instance:com.spree.test.Countries@3fc2959f] output={null}]]]>
              </value>
            </param>
          </params>
          <reporter-output>
          </reporter-output>
        </test-method> <!-- tearDown -->
        <test-method is-config="true" signature="afterTest()[pri:0, instance:com.spree.test.Countries@3fc2959f]" started-at="2024-12-26T12:16:31 IST" name="afterTest" finished-at="2024-12-26T12:16:31 IST" duration-ms="338" status="PASS">
          <reporter-output>
          </reporter-output>
        </test-method> <!-- afterTest -->
      </class> <!-- com.spree.test.Countries -->
    </test> <!-- Default test -->
  </suite> <!-- Default suite -->
</testng-results>
